<?xml version="1.0" encoding="UTF-8"?>
<testsuite xmlns:xsi="http://www.w3.org/2001/XMLSchema-instance" xsi:noNamespaceSchemaLocation="https://maven.apache.org/surefire/maven-surefire-plugin/xsd/surefire-test-report.xsd" name="com.jyh.反射.ReflectionTest" time="0.007" tests="7" errors="0" skipped="0" failures="0">
  <properties>
    <property name="sun.desktop" value="windows"/>
    <property name="awt.toolkit" value="sun.awt.windows.WToolkit"/>
    <property name="file.encoding.pkg" value="sun.io"/>
    <property name="java.specification.version" value="1.8"/>
    <property name="sun.cpu.isalist" value="amd64"/>
    <property name="sun.jnu.encoding" value="GBK"/>
    <property name="java.class.path" value="D:\BianCheng\Idea\Project\SpringBoot\target\test-classes;D:\BianCheng\Idea\Project\SpringBoot\target\classes;D:\BianCheng\Maven\Repository\io\springfox\springfox-swagger2\2.7.0\springfox-swagger2-2.7.0.jar;D:\BianCheng\Maven\Repository\io\swagger\swagger-annotations\1.5.13\swagger-annotations-1.5.13.jar;D:\BianCheng\Maven\Repository\io\swagger\swagger-models\1.5.13\swagger-models-1.5.13.jar;D:\BianCheng\Maven\Repository\com\fasterxml\jackson\core\jackson-annotations\2.9.0\jackson-annotations-2.9.0.jar;D:\BianCheng\Maven\Repository\io\springfox\springfox-spi\2.7.0\springfox-spi-2.7.0.jar;D:\BianCheng\Maven\Repository\io\springfox\springfox-core\2.7.0\springfox-core-2.7.0.jar;D:\BianCheng\Maven\Repository\io\springfox\springfox-schema\2.7.0\springfox-schema-2.7.0.jar;D:\BianCheng\Maven\Repository\io\springfox\springfox-swagger-common\2.7.0\springfox-swagger-common-2.7.0.jar;D:\BianCheng\Maven\Repository\io\springfox\springfox-spring-web\2.7.0\springfox-spring-web-2.7.0.jar;D:\BianCheng\Maven\Repository\org\reflections\reflections\0.9.11\reflections-0.9.11.jar;D:\BianCheng\Maven\Repository\org\javassist\javassist\3.21.0-GA\javassist-3.21.0-GA.jar;D:\BianCheng\Maven\Repository\com\google\guava\guava\18.0\guava-18.0.jar;D:\BianCheng\Maven\Repository\com\fasterxml\classmate\1.3.4\classmate-1.3.4.jar;D:\BianCheng\Maven\Repository\org\slf4j\slf4j-api\1.7.25\slf4j-api-1.7.25.jar;D:\BianCheng\Maven\Repository\org\springframework\plugin\spring-plugin-core\1.2.0.RELEASE\spring-plugin-core-1.2.0.RELEASE.jar;D:\BianCheng\Maven\Repository\org\springframework\spring-beans\5.0.4.RELEASE\spring-beans-5.0.4.RELEASE.jar;D:\BianCheng\Maven\Repository\org\springframework\spring-context\5.0.4.RELEASE\spring-context-5.0.4.RELEASE.jar;D:\BianCheng\Maven\Repository\org\springframework\spring-aop\5.0.4.RELEASE\spring-aop-5.0.4.RELEASE.jar;D:\BianCheng\Maven\Repository\org\springframework\plugin\spring-plugin-metadata\1.2.0.RELEASE\spring-plugin-metadata-1.2.0.RELEASE.jar;D:\BianCheng\Maven\Repository\org\mapstruct\mapstruct\1.1.0.Final\mapstruct-1.1.0.Final.jar;D:\BianCheng\Maven\Repository\io\springfox\springfox-swagger-ui\2.7.0\springfox-swagger-ui-2.7.0.jar;D:\BianCheng\Maven\Repository\org\springframework\boot\spring-boot-starter\2.0.0.RELEASE\spring-boot-starter-2.0.0.RELEASE.jar;D:\BianCheng\Maven\Repository\org\springframework\boot\spring-boot\2.0.0.RELEASE\spring-boot-2.0.0.RELEASE.jar;D:\BianCheng\Maven\Repository\org\springframework\boot\spring-boot-autoconfigure\2.0.0.RELEASE\spring-boot-autoconfigure-2.0.0.RELEASE.jar;D:\BianCheng\Maven\Repository\org\springframework\boot\spring-boot-starter-logging\2.0.0.RELEASE\spring-boot-starter-logging-2.0.0.RELEASE.jar;D:\BianCheng\Maven\Repository\ch\qos\logback\logback-classic\1.2.3\logback-classic-1.2.3.jar;D:\BianCheng\Maven\Repository\ch\qos\logback\logback-core\1.2.3\logback-core-1.2.3.jar;D:\BianCheng\Maven\Repository\org\apache\logging\log4j\log4j-to-slf4j\2.10.0\log4j-to-slf4j-2.10.0.jar;D:\BianCheng\Maven\Repository\org\apache\logging\log4j\log4j-api\2.10.0\log4j-api-2.10.0.jar;D:\BianCheng\Maven\Repository\org\slf4j\jul-to-slf4j\1.7.25\jul-to-slf4j-1.7.25.jar;D:\BianCheng\Maven\Repository\javax\annotation\javax.annotation-api\1.3.2\javax.annotation-api-1.3.2.jar;D:\BianCheng\Maven\Repository\org\springframework\spring-core\5.0.4.RELEASE\spring-core-5.0.4.RELEASE.jar;D:\BianCheng\Maven\Repository\org\springframework\spring-jcl\5.0.4.RELEASE\spring-jcl-5.0.4.RELEASE.jar;D:\BianCheng\Maven\Repository\org\yaml\snakeyaml\1.19\snakeyaml-1.19.jar;D:\BianCheng\Maven\Repository\org\springframework\boot\spring-boot-starter-test\2.0.0.RELEASE\spring-boot-starter-test-2.0.0.RELEASE.jar;D:\BianCheng\Maven\Repository\org\springframework\boot\spring-boot-test\2.0.0.RELEASE\spring-boot-test-2.0.0.RELEASE.jar;D:\BianCheng\Maven\Repository\org\springframework\boot\spring-boot-test-autoconfigure\2.0.0.RELEASE\spring-boot-test-autoconfigure-2.0.0.RELEASE.jar;D:\BianCheng\Maven\Repository\com\jayway\jsonpath\json-path\2.4.0\json-path-2.4.0.jar;D:\BianCheng\Maven\Repository\net\minidev\json-smart\2.3\json-smart-2.3.jar;D:\BianCheng\Maven\Repository\net\minidev\accessors-smart\1.2\accessors-smart-1.2.jar;D:\BianCheng\Maven\Repository\org\ow2\asm\asm\5.0.4\asm-5.0.4.jar;D:\BianCheng\Maven\Repository\junit\junit\4.12\junit-4.12.jar;D:\BianCheng\Maven\Repository\org\assertj\assertj-core\3.9.1\assertj-core-3.9.1.jar;D:\BianCheng\Maven\Repository\org\mockito\mockito-core\2.15.0\mockito-core-2.15.0.jar;D:\BianCheng\Maven\Repository\net\bytebuddy\byte-buddy\1.7.10\byte-buddy-1.7.10.jar;D:\BianCheng\Maven\Repository\net\bytebuddy\byte-buddy-agent\1.7.10\byte-buddy-agent-1.7.10.jar;D:\BianCheng\Maven\Repository\org\objenesis\objenesis\2.6\objenesis-2.6.jar;D:\BianCheng\Maven\Repository\org\hamcrest\hamcrest-core\1.3\hamcrest-core-1.3.jar;D:\BianCheng\Maven\Repository\org\hamcrest\hamcrest-library\1.3\hamcrest-library-1.3.jar;D:\BianCheng\Maven\Repository\org\skyscreamer\jsonassert\1.5.0\jsonassert-1.5.0.jar;D:\BianCheng\Maven\Repository\com\vaadin\external\google\android-json\0.0.20131108.vaadin1\android-json-0.0.20131108.vaadin1.jar;D:\BianCheng\Maven\Repository\org\springframework\spring-test\5.0.4.RELEASE\spring-test-5.0.4.RELEASE.jar;D:\BianCheng\Maven\Repository\org\xmlunit\xmlunit-core\2.5.1\xmlunit-core-2.5.1.jar;D:\BianCheng\Maven\Repository\org\springframework\boot\spring-boot-starter-thymeleaf\2.0.0.RELEASE\spring-boot-starter-thymeleaf-2.0.0.RELEASE.jar;D:\BianCheng\Maven\Repository\org\thymeleaf\thymeleaf-spring5\3.0.9.RELEASE\thymeleaf-spring5-3.0.9.RELEASE.jar;D:\BianCheng\Maven\Repository\org\thymeleaf\thymeleaf\3.0.9.RELEASE\thymeleaf-3.0.9.RELEASE.jar;D:\BianCheng\Maven\Repository\org\attoparser\attoparser\2.0.4.RELEASE\attoparser-2.0.4.RELEASE.jar;D:\BianCheng\Maven\Repository\org\unbescape\unbescape\1.1.5.RELEASE\unbescape-1.1.5.RELEASE.jar;D:\BianCheng\Maven\Repository\org\thymeleaf\extras\thymeleaf-extras-java8time\3.0.1.RELEASE\thymeleaf-extras-java8time-3.0.1.RELEASE.jar;D:\BianCheng\Maven\Repository\org\springframework\boot\spring-boot-starter-web\2.0.0.RELEASE\spring-boot-starter-web-2.0.0.RELEASE.jar;D:\BianCheng\Maven\Repository\org\springframework\boot\spring-boot-starter-json\2.0.0.RELEASE\spring-boot-starter-json-2.0.0.RELEASE.jar;D:\BianCheng\Maven\Repository\com\fasterxml\jackson\core\jackson-databind\2.9.4\jackson-databind-2.9.4.jar;D:\BianCheng\Maven\Repository\com\fasterxml\jackson\core\jackson-core\2.9.4\jackson-core-2.9.4.jar;D:\BianCheng\Maven\Repository\com\fasterxml\jackson\datatype\jackson-datatype-jdk8\2.9.4\jackson-datatype-jdk8-2.9.4.jar;D:\BianCheng\Maven\Repository\com\fasterxml\jackson\datatype\jackson-datatype-jsr310\2.9.4\jackson-datatype-jsr310-2.9.4.jar;D:\BianCheng\Maven\Repository\com\fasterxml\jackson\module\jackson-module-parameter-names\2.9.4\jackson-module-parameter-names-2.9.4.jar;D:\BianCheng\Maven\Repository\org\springframework\boot\spring-boot-starter-tomcat\2.0.0.RELEASE\spring-boot-starter-tomcat-2.0.0.RELEASE.jar;D:\BianCheng\Maven\Repository\org\apache\tomcat\embed\tomcat-embed-core\8.5.28\tomcat-embed-core-8.5.28.jar;D:\BianCheng\Maven\Repository\org\apache\tomcat\embed\tomcat-embed-el\8.5.28\tomcat-embed-el-8.5.28.jar;D:\BianCheng\Maven\Repository\org\apache\tomcat\embed\tomcat-embed-websocket\8.5.28\tomcat-embed-websocket-8.5.28.jar;D:\BianCheng\Maven\Repository\org\hibernate\validator\hibernate-validator\6.0.7.Final\hibernate-validator-6.0.7.Final.jar;D:\BianCheng\Maven\Repository\javax\validation\validation-api\2.0.1.Final\validation-api-2.0.1.Final.jar;D:\BianCheng\Maven\Repository\org\jboss\logging\jboss-logging\3.3.2.Final\jboss-logging-3.3.2.Final.jar;D:\BianCheng\Maven\Repository\org\springframework\spring-web\5.0.4.RELEASE\spring-web-5.0.4.RELEASE.jar;D:\BianCheng\Maven\Repository\org\springframework\spring-webmvc\5.0.4.RELEASE\spring-webmvc-5.0.4.RELEASE.jar;D:\BianCheng\Maven\Repository\org\springframework\spring-expression\5.0.4.RELEASE\spring-expression-5.0.4.RELEASE.jar;D:\BianCheng\Maven\Repository\org\mybatis\spring\boot\mybatis-spring-boot-starter\1.3.1\mybatis-spring-boot-starter-1.3.1.jar;D:\BianCheng\Maven\Repository\org\springframework\boot\spring-boot-starter-jdbc\2.0.0.RELEASE\spring-boot-starter-jdbc-2.0.0.RELEASE.jar;D:\BianCheng\Maven\Repository\com\zaxxer\HikariCP\2.7.8\HikariCP-2.7.8.jar;D:\BianCheng\Maven\Repository\org\springframework\spring-jdbc\5.0.4.RELEASE\spring-jdbc-5.0.4.RELEASE.jar;D:\BianCheng\Maven\Repository\org\mybatis\spring\boot\mybatis-spring-boot-autoconfigure\1.3.1\mybatis-spring-boot-autoconfigure-1.3.1.jar;D:\BianCheng\Maven\Repository\org\mybatis\mybatis\3.4.5\mybatis-3.4.5.jar;D:\BianCheng\Maven\Repository\org\mybatis\mybatis-spring\1.3.1\mybatis-spring-1.3.1.jar;D:\BianCheng\Maven\Repository\com\github\pagehelper\pagehelper-spring-boot-starter\1.2.5\pagehelper-spring-boot-starter-1.2.5.jar;D:\BianCheng\Maven\Repository\com\github\pagehelper\pagehelper-spring-boot-autoconfigure\1.2.5\pagehelper-spring-boot-autoconfigure-1.2.5.jar;D:\BianCheng\Maven\Repository\com\github\pagehelper\pagehelper\5.1.4\pagehelper-5.1.4.jar;D:\BianCheng\Maven\Repository\com\github\jsqlparser\jsqlparser\1.0\jsqlparser-1.0.jar;D:\BianCheng\Maven\Repository\org\apache\shiro\shiro-spring\1.4.0\shiro-spring-1.4.0.jar;D:\BianCheng\Maven\Repository\org\apache\shiro\shiro-core\1.4.0\shiro-core-1.4.0.jar;D:\BianCheng\Maven\Repository\org\apache\shiro\shiro-lang\1.4.0\shiro-lang-1.4.0.jar;D:\BianCheng\Maven\Repository\org\apache\shiro\shiro-cache\1.4.0\shiro-cache-1.4.0.jar;D:\BianCheng\Maven\Repository\org\apache\shiro\shiro-crypto-hash\1.4.0\shiro-crypto-hash-1.4.0.jar;D:\BianCheng\Maven\Repository\org\apache\shiro\shiro-crypto-core\1.4.0\shiro-crypto-core-1.4.0.jar;D:\BianCheng\Maven\Repository\org\apache\shiro\shiro-crypto-cipher\1.4.0\shiro-crypto-cipher-1.4.0.jar;D:\BianCheng\Maven\Repository\org\apache\shiro\shiro-config-core\1.4.0\shiro-config-core-1.4.0.jar;D:\BianCheng\Maven\Repository\org\apache\shiro\shiro-config-ogdl\1.4.0\shiro-config-ogdl-1.4.0.jar;D:\BianCheng\Maven\Repository\commons-beanutils\commons-beanutils\1.9.3\commons-beanutils-1.9.3.jar;D:\BianCheng\Maven\Repository\commons-collections\commons-collections\3.2.2\commons-collections-3.2.2.jar;D:\BianCheng\Maven\Repository\org\apache\shiro\shiro-event\1.4.0\shiro-event-1.4.0.jar;D:\BianCheng\Maven\Repository\org\apache\shiro\shiro-web\1.4.0\shiro-web-1.4.0.jar;D:\BianCheng\Maven\Repository\com\github\theborakompanioni\thymeleaf-extras-shiro\2.0.0\thymeleaf-extras-shiro-2.0.0.jar;D:\BianCheng\Maven\Repository\mysql\mysql-connector-java\5.1.45\mysql-connector-java-5.1.45.jar;D:\BianCheng\Maven\Repository\org\projectlombok\lombok\1.16.20\lombok-1.16.20.jar;D:\BianCheng\Maven\Repository\redis\clients\jedis\3.0.1\jedis-3.0.1.jar;D:\BianCheng\Maven\Repository\org\apache\commons\commons-pool2\2.5.0\commons-pool2-2.5.0.jar;D:\BianCheng\Maven\Repository\org\springframework\boot\spring-boot-starter-websocket\2.0.0.RELEASE\spring-boot-starter-websocket-2.0.0.RELEASE.jar;D:\BianCheng\Maven\Repository\org\springframework\spring-messaging\5.0.4.RELEASE\spring-messaging-5.0.4.RELEASE.jar;D:\BianCheng\Maven\Repository\org\springframework\spring-websocket\5.0.4.RELEASE\spring-websocket-5.0.4.RELEASE.jar;D:\BianCheng\Maven\Repository\org\springframework\boot\spring-boot-starter-amqp\2.0.0.RELEASE\spring-boot-starter-amqp-2.0.0.RELEASE.jar;D:\BianCheng\Maven\Repository\org\springframework\amqp\spring-rabbit\2.0.2.RELEASE\spring-rabbit-2.0.2.RELEASE.jar;D:\BianCheng\Maven\Repository\org\springframework\amqp\spring-amqp\2.0.2.RELEASE\spring-amqp-2.0.2.RELEASE.jar;D:\BianCheng\Maven\Repository\com\rabbitmq\amqp-client\5.1.2\amqp-client-5.1.2.jar;D:\BianCheng\Maven\Repository\com\rabbitmq\http-client\1.3.1.RELEASE\http-client-1.3.1.RELEASE.jar;D:\BianCheng\Maven\Repository\org\apache\httpcomponents\httpclient\4.5.5\httpclient-4.5.5.jar;D:\BianCheng\Maven\Repository\org\apache\httpcomponents\httpcore\4.4.9\httpcore-4.4.9.jar;D:\BianCheng\Maven\Repository\commons-codec\commons-codec\1.11\commons-codec-1.11.jar;D:\BianCheng\Maven\Repository\org\springframework\spring-tx\5.0.4.RELEASE\spring-tx-5.0.4.RELEASE.jar;D:\BianCheng\Maven\Repository\org\springframework\retry\spring-retry\1.2.2.RELEASE\spring-retry-1.2.2.RELEASE.jar;D:\BianCheng\Maven\Repository\org\springframework\boot\spring-boot-starter-data-redis\2.0.0.RELEASE\spring-boot-starter-data-redis-2.0.0.RELEASE.jar;D:\BianCheng\Maven\Repository\org\springframework\data\spring-data-redis\2.0.5.RELEASE\spring-data-redis-2.0.5.RELEASE.jar;D:\BianCheng\Maven\Repository\org\springframework\data\spring-data-keyvalue\2.0.5.RELEASE\spring-data-keyvalue-2.0.5.RELEASE.jar;D:\BianCheng\Maven\Repository\org\springframework\spring-oxm\5.0.4.RELEASE\spring-oxm-5.0.4.RELEASE.jar;D:\BianCheng\Maven\Repository\org\springframework\spring-context-support\5.0.4.RELEASE\spring-context-support-5.0.4.RELEASE.jar;D:\BianCheng\Maven\Repository\io\lettuce\lettuce-core\5.0.2.RELEASE\lettuce-core-5.0.2.RELEASE.jar;D:\BianCheng\Maven\Repository\io\projectreactor\reactor-core\3.1.5.RELEASE\reactor-core-3.1.5.RELEASE.jar;D:\BianCheng\Maven\Repository\org\reactivestreams\reactive-streams\1.0.2\reactive-streams-1.0.2.jar;D:\BianCheng\Maven\Repository\io\netty\netty-common\4.1.22.Final\netty-common-4.1.22.Final.jar;D:\BianCheng\Maven\Repository\io\netty\netty-transport\4.1.22.Final\netty-transport-4.1.22.Final.jar;D:\BianCheng\Maven\Repository\io\netty\netty-buffer\4.1.22.Final\netty-buffer-4.1.22.Final.jar;D:\BianCheng\Maven\Repository\io\netty\netty-resolver\4.1.22.Final\netty-resolver-4.1.22.Final.jar;D:\BianCheng\Maven\Repository\io\netty\netty-handler\4.1.22.Final\netty-handler-4.1.22.Final.jar;D:\BianCheng\Maven\Repository\io\netty\netty-codec\4.1.22.Final\netty-codec-4.1.22.Final.jar;D:\BianCheng\Maven\Repository\org\springframework\boot\spring-boot-starter-data-mongodb\2.0.0.RELEASE\spring-boot-starter-data-mongodb-2.0.0.RELEASE.jar;D:\BianCheng\Maven\Repository\org\mongodb\mongodb-driver\3.6.3\mongodb-driver-3.6.3.jar;D:\BianCheng\Maven\Repository\org\mongodb\bson\3.6.3\bson-3.6.3.jar;D:\BianCheng\Maven\Repository\org\mongodb\mongodb-driver-core\3.6.3\mongodb-driver-core-3.6.3.jar;D:\BianCheng\Maven\Repository\org\springframework\data\spring-data-mongodb\2.0.5.RELEASE\spring-data-mongodb-2.0.5.RELEASE.jar;D:\BianCheng\Maven\Repository\org\springframework\data\spring-data-commons\2.0.5.RELEASE\spring-data-commons-2.0.5.RELEASE.jar;D:\BianCheng\Maven\Repository\com\baomidou\mybatis-plus-boot-starter\3.1.2\mybatis-plus-boot-starter-3.1.2.jar;D:\BianCheng\Maven\Repository\com\baomidou\mybatis-plus\3.1.2\mybatis-plus-3.1.2.jar;D:\BianCheng\Maven\Repository\com\baomidou\mybatis-plus-extension\3.1.2\mybatis-plus-extension-3.1.2.jar;D:\BianCheng\Maven\Repository\com\baomidou\mybatis-plus-core\3.1.2\mybatis-plus-core-3.1.2.jar;D:\BianCheng\Maven\Repository\com\baomidou\mybatis-plus-annotation\3.1.2\mybatis-plus-annotation-3.1.2.jar;"/>
    <property name="java.vm.vendor" value="Oracle Corporation"/>
    <property name="sun.arch.data.model" value="64"/>
    <property name="user.variant" value=""/>
    <property name="java.vendor.url" value="http://java.oracle.com/"/>
    <property name="user.timezone" value=""/>
    <property name="java.vm.specification.version" value="1.8"/>
    <property name="os.name" value="Windows 10"/>
    <property name="user.country" value="CN"/>
    <property name="sun.java.launcher" value="SUN_STANDARD"/>
    <property name="sun.boot.library.path" value="C:\Program Files\Java\jdk1.8.0_172\jre\bin"/>
    <property name="sun.java.command" value="C:\Users\NINGME~1\AppData\Local\Temp\surefire4886068775049178010\surefirebooter4892053758097196215.jar C:\Users\NING MEI\AppData\Local\Temp\surefire4886068775049178010 2019-08-04T20-06-53_004-jvmRun1 surefire6857482755516020530tmp surefire_0843824917381193344tmp"/>
    <property name="surefire.test.class.path" value="D:\BianCheng\Idea\Project\SpringBoot\target\test-classes;D:\BianCheng\Idea\Project\SpringBoot\target\classes;D:\BianCheng\Maven\Repository\io\springfox\springfox-swagger2\2.7.0\springfox-swagger2-2.7.0.jar;D:\BianCheng\Maven\Repository\io\swagger\swagger-annotations\1.5.13\swagger-annotations-1.5.13.jar;D:\BianCheng\Maven\Repository\io\swagger\swagger-models\1.5.13\swagger-models-1.5.13.jar;D:\BianCheng\Maven\Repository\com\fasterxml\jackson\core\jackson-annotations\2.9.0\jackson-annotations-2.9.0.jar;D:\BianCheng\Maven\Repository\io\springfox\springfox-spi\2.7.0\springfox-spi-2.7.0.jar;D:\BianCheng\Maven\Repository\io\springfox\springfox-core\2.7.0\springfox-core-2.7.0.jar;D:\BianCheng\Maven\Repository\io\springfox\springfox-schema\2.7.0\springfox-schema-2.7.0.jar;D:\BianCheng\Maven\Repository\io\springfox\springfox-swagger-common\2.7.0\springfox-swagger-common-2.7.0.jar;D:\BianCheng\Maven\Repository\io\springfox\springfox-spring-web\2.7.0\springfox-spring-web-2.7.0.jar;D:\BianCheng\Maven\Repository\org\reflections\reflections\0.9.11\reflections-0.9.11.jar;D:\BianCheng\Maven\Repository\org\javassist\javassist\3.21.0-GA\javassist-3.21.0-GA.jar;D:\BianCheng\Maven\Repository\com\google\guava\guava\18.0\guava-18.0.jar;D:\BianCheng\Maven\Repository\com\fasterxml\classmate\1.3.4\classmate-1.3.4.jar;D:\BianCheng\Maven\Repository\org\slf4j\slf4j-api\1.7.25\slf4j-api-1.7.25.jar;D:\BianCheng\Maven\Repository\org\springframework\plugin\spring-plugin-core\1.2.0.RELEASE\spring-plugin-core-1.2.0.RELEASE.jar;D:\BianCheng\Maven\Repository\org\springframework\spring-beans\5.0.4.RELEASE\spring-beans-5.0.4.RELEASE.jar;D:\BianCheng\Maven\Repository\org\springframework\spring-context\5.0.4.RELEASE\spring-context-5.0.4.RELEASE.jar;D:\BianCheng\Maven\Repository\org\springframework\spring-aop\5.0.4.RELEASE\spring-aop-5.0.4.RELEASE.jar;D:\BianCheng\Maven\Repository\org\springframework\plugin\spring-plugin-metadata\1.2.0.RELEASE\spring-plugin-metadata-1.2.0.RELEASE.jar;D:\BianCheng\Maven\Repository\org\mapstruct\mapstruct\1.1.0.Final\mapstruct-1.1.0.Final.jar;D:\BianCheng\Maven\Repository\io\springfox\springfox-swagger-ui\2.7.0\springfox-swagger-ui-2.7.0.jar;D:\BianCheng\Maven\Repository\org\springframework\boot\spring-boot-starter\2.0.0.RELEASE\spring-boot-starter-2.0.0.RELEASE.jar;D:\BianCheng\Maven\Repository\org\springframework\boot\spring-boot\2.0.0.RELEASE\spring-boot-2.0.0.RELEASE.jar;D:\BianCheng\Maven\Repository\org\springframework\boot\spring-boot-autoconfigure\2.0.0.RELEASE\spring-boot-autoconfigure-2.0.0.RELEASE.jar;D:\BianCheng\Maven\Repository\org\springframework\boot\spring-boot-starter-logging\2.0.0.RELEASE\spring-boot-starter-logging-2.0.0.RELEASE.jar;D:\BianCheng\Maven\Repository\ch\qos\logback\logback-classic\1.2.3\logback-classic-1.2.3.jar;D:\BianCheng\Maven\Repository\ch\qos\logback\logback-core\1.2.3\logback-core-1.2.3.jar;D:\BianCheng\Maven\Repository\org\apache\logging\log4j\log4j-to-slf4j\2.10.0\log4j-to-slf4j-2.10.0.jar;D:\BianCheng\Maven\Repository\org\apache\logging\log4j\log4j-api\2.10.0\log4j-api-2.10.0.jar;D:\BianCheng\Maven\Repository\org\slf4j\jul-to-slf4j\1.7.25\jul-to-slf4j-1.7.25.jar;D:\BianCheng\Maven\Repository\javax\annotation\javax.annotation-api\1.3.2\javax.annotation-api-1.3.2.jar;D:\BianCheng\Maven\Repository\org\springframework\spring-core\5.0.4.RELEASE\spring-core-5.0.4.RELEASE.jar;D:\BianCheng\Maven\Repository\org\springframework\spring-jcl\5.0.4.RELEASE\spring-jcl-5.0.4.RELEASE.jar;D:\BianCheng\Maven\Repository\org\yaml\snakeyaml\1.19\snakeyaml-1.19.jar;D:\BianCheng\Maven\Repository\org\springframework\boot\spring-boot-starter-test\2.0.0.RELEASE\spring-boot-starter-test-2.0.0.RELEASE.jar;D:\BianCheng\Maven\Repository\org\springframework\boot\spring-boot-test\2.0.0.RELEASE\spring-boot-test-2.0.0.RELEASE.jar;D:\BianCheng\Maven\Repository\org\springframework\boot\spring-boot-test-autoconfigure\2.0.0.RELEASE\spring-boot-test-autoconfigure-2.0.0.RELEASE.jar;D:\BianCheng\Maven\Repository\com\jayway\jsonpath\json-path\2.4.0\json-path-2.4.0.jar;D:\BianCheng\Maven\Repository\net\minidev\json-smart\2.3\json-smart-2.3.jar;D:\BianCheng\Maven\Repository\net\minidev\accessors-smart\1.2\accessors-smart-1.2.jar;D:\BianCheng\Maven\Repository\org\ow2\asm\asm\5.0.4\asm-5.0.4.jar;D:\BianCheng\Maven\Repository\junit\junit\4.12\junit-4.12.jar;D:\BianCheng\Maven\Repository\org\assertj\assertj-core\3.9.1\assertj-core-3.9.1.jar;D:\BianCheng\Maven\Repository\org\mockito\mockito-core\2.15.0\mockito-core-2.15.0.jar;D:\BianCheng\Maven\Repository\net\bytebuddy\byte-buddy\1.7.10\byte-buddy-1.7.10.jar;D:\BianCheng\Maven\Repository\net\bytebuddy\byte-buddy-agent\1.7.10\byte-buddy-agent-1.7.10.jar;D:\BianCheng\Maven\Repository\org\objenesis\objenesis\2.6\objenesis-2.6.jar;D:\BianCheng\Maven\Repository\org\hamcrest\hamcrest-core\1.3\hamcrest-core-1.3.jar;D:\BianCheng\Maven\Repository\org\hamcrest\hamcrest-library\1.3\hamcrest-library-1.3.jar;D:\BianCheng\Maven\Repository\org\skyscreamer\jsonassert\1.5.0\jsonassert-1.5.0.jar;D:\BianCheng\Maven\Repository\com\vaadin\external\google\android-json\0.0.20131108.vaadin1\android-json-0.0.20131108.vaadin1.jar;D:\BianCheng\Maven\Repository\org\springframework\spring-test\5.0.4.RELEASE\spring-test-5.0.4.RELEASE.jar;D:\BianCheng\Maven\Repository\org\xmlunit\xmlunit-core\2.5.1\xmlunit-core-2.5.1.jar;D:\BianCheng\Maven\Repository\org\springframework\boot\spring-boot-starter-thymeleaf\2.0.0.RELEASE\spring-boot-starter-thymeleaf-2.0.0.RELEASE.jar;D:\BianCheng\Maven\Repository\org\thymeleaf\thymeleaf-spring5\3.0.9.RELEASE\thymeleaf-spring5-3.0.9.RELEASE.jar;D:\BianCheng\Maven\Repository\org\thymeleaf\thymeleaf\3.0.9.RELEASE\thymeleaf-3.0.9.RELEASE.jar;D:\BianCheng\Maven\Repository\org\attoparser\attoparser\2.0.4.RELEASE\attoparser-2.0.4.RELEASE.jar;D:\BianCheng\Maven\Repository\org\unbescape\unbescape\1.1.5.RELEASE\unbescape-1.1.5.RELEASE.jar;D:\BianCheng\Maven\Repository\org\thymeleaf\extras\thymeleaf-extras-java8time\3.0.1.RELEASE\thymeleaf-extras-java8time-3.0.1.RELEASE.jar;D:\BianCheng\Maven\Repository\org\springframework\boot\spring-boot-starter-web\2.0.0.RELEASE\spring-boot-starter-web-2.0.0.RELEASE.jar;D:\BianCheng\Maven\Repository\org\springframework\boot\spring-boot-starter-json\2.0.0.RELEASE\spring-boot-starter-json-2.0.0.RELEASE.jar;D:\BianCheng\Maven\Repository\com\fasterxml\jackson\core\jackson-databind\2.9.4\jackson-databind-2.9.4.jar;D:\BianCheng\Maven\Repository\com\fasterxml\jackson\core\jackson-core\2.9.4\jackson-core-2.9.4.jar;D:\BianCheng\Maven\Repository\com\fasterxml\jackson\datatype\jackson-datatype-jdk8\2.9.4\jackson-datatype-jdk8-2.9.4.jar;D:\BianCheng\Maven\Repository\com\fasterxml\jackson\datatype\jackson-datatype-jsr310\2.9.4\jackson-datatype-jsr310-2.9.4.jar;D:\BianCheng\Maven\Repository\com\fasterxml\jackson\module\jackson-module-parameter-names\2.9.4\jackson-module-parameter-names-2.9.4.jar;D:\BianCheng\Maven\Repository\org\springframework\boot\spring-boot-starter-tomcat\2.0.0.RELEASE\spring-boot-starter-tomcat-2.0.0.RELEASE.jar;D:\BianCheng\Maven\Repository\org\apache\tomcat\embed\tomcat-embed-core\8.5.28\tomcat-embed-core-8.5.28.jar;D:\BianCheng\Maven\Repository\org\apache\tomcat\embed\tomcat-embed-el\8.5.28\tomcat-embed-el-8.5.28.jar;D:\BianCheng\Maven\Repository\org\apache\tomcat\embed\tomcat-embed-websocket\8.5.28\tomcat-embed-websocket-8.5.28.jar;D:\BianCheng\Maven\Repository\org\hibernate\validator\hibernate-validator\6.0.7.Final\hibernate-validator-6.0.7.Final.jar;D:\BianCheng\Maven\Repository\javax\validation\validation-api\2.0.1.Final\validation-api-2.0.1.Final.jar;D:\BianCheng\Maven\Repository\org\jboss\logging\jboss-logging\3.3.2.Final\jboss-logging-3.3.2.Final.jar;D:\BianCheng\Maven\Repository\org\springframework\spring-web\5.0.4.RELEASE\spring-web-5.0.4.RELEASE.jar;D:\BianCheng\Maven\Repository\org\springframework\spring-webmvc\5.0.4.RELEASE\spring-webmvc-5.0.4.RELEASE.jar;D:\BianCheng\Maven\Repository\org\springframework\spring-expression\5.0.4.RELEASE\spring-expression-5.0.4.RELEASE.jar;D:\BianCheng\Maven\Repository\org\mybatis\spring\boot\mybatis-spring-boot-starter\1.3.1\mybatis-spring-boot-starter-1.3.1.jar;D:\BianCheng\Maven\Repository\org\springframework\boot\spring-boot-starter-jdbc\2.0.0.RELEASE\spring-boot-starter-jdbc-2.0.0.RELEASE.jar;D:\BianCheng\Maven\Repository\com\zaxxer\HikariCP\2.7.8\HikariCP-2.7.8.jar;D:\BianCheng\Maven\Repository\org\springframework\spring-jdbc\5.0.4.RELEASE\spring-jdbc-5.0.4.RELEASE.jar;D:\BianCheng\Maven\Repository\org\mybatis\spring\boot\mybatis-spring-boot-autoconfigure\1.3.1\mybatis-spring-boot-autoconfigure-1.3.1.jar;D:\BianCheng\Maven\Repository\org\mybatis\mybatis\3.4.5\mybatis-3.4.5.jar;D:\BianCheng\Maven\Repository\org\mybatis\mybatis-spring\1.3.1\mybatis-spring-1.3.1.jar;D:\BianCheng\Maven\Repository\com\github\pagehelper\pagehelper-spring-boot-starter\1.2.5\pagehelper-spring-boot-starter-1.2.5.jar;D:\BianCheng\Maven\Repository\com\github\pagehelper\pagehelper-spring-boot-autoconfigure\1.2.5\pagehelper-spring-boot-autoconfigure-1.2.5.jar;D:\BianCheng\Maven\Repository\com\github\pagehelper\pagehelper\5.1.4\pagehelper-5.1.4.jar;D:\BianCheng\Maven\Repository\com\github\jsqlparser\jsqlparser\1.0\jsqlparser-1.0.jar;D:\BianCheng\Maven\Repository\org\apache\shiro\shiro-spring\1.4.0\shiro-spring-1.4.0.jar;D:\BianCheng\Maven\Repository\org\apache\shiro\shiro-core\1.4.0\shiro-core-1.4.0.jar;D:\BianCheng\Maven\Repository\org\apache\shiro\shiro-lang\1.4.0\shiro-lang-1.4.0.jar;D:\BianCheng\Maven\Repository\org\apache\shiro\shiro-cache\1.4.0\shiro-cache-1.4.0.jar;D:\BianCheng\Maven\Repository\org\apache\shiro\shiro-crypto-hash\1.4.0\shiro-crypto-hash-1.4.0.jar;D:\BianCheng\Maven\Repository\org\apache\shiro\shiro-crypto-core\1.4.0\shiro-crypto-core-1.4.0.jar;D:\BianCheng\Maven\Repository\org\apache\shiro\shiro-crypto-cipher\1.4.0\shiro-crypto-cipher-1.4.0.jar;D:\BianCheng\Maven\Repository\org\apache\shiro\shiro-config-core\1.4.0\shiro-config-core-1.4.0.jar;D:\BianCheng\Maven\Repository\org\apache\shiro\shiro-config-ogdl\1.4.0\shiro-config-ogdl-1.4.0.jar;D:\BianCheng\Maven\Repository\commons-beanutils\commons-beanutils\1.9.3\commons-beanutils-1.9.3.jar;D:\BianCheng\Maven\Repository\commons-collections\commons-collections\3.2.2\commons-collections-3.2.2.jar;D:\BianCheng\Maven\Repository\org\apache\shiro\shiro-event\1.4.0\shiro-event-1.4.0.jar;D:\BianCheng\Maven\Repository\org\apache\shiro\shiro-web\1.4.0\shiro-web-1.4.0.jar;D:\BianCheng\Maven\Repository\com\github\theborakompanioni\thymeleaf-extras-shiro\2.0.0\thymeleaf-extras-shiro-2.0.0.jar;D:\BianCheng\Maven\Repository\mysql\mysql-connector-java\5.1.45\mysql-connector-java-5.1.45.jar;D:\BianCheng\Maven\Repository\org\projectlombok\lombok\1.16.20\lombok-1.16.20.jar;D:\BianCheng\Maven\Repository\redis\clients\jedis\3.0.1\jedis-3.0.1.jar;D:\BianCheng\Maven\Repository\org\apache\commons\commons-pool2\2.5.0\commons-pool2-2.5.0.jar;D:\BianCheng\Maven\Repository\org\springframework\boot\spring-boot-starter-websocket\2.0.0.RELEASE\spring-boot-starter-websocket-2.0.0.RELEASE.jar;D:\BianCheng\Maven\Repository\org\springframework\spring-messaging\5.0.4.RELEASE\spring-messaging-5.0.4.RELEASE.jar;D:\BianCheng\Maven\Repository\org\springframework\spring-websocket\5.0.4.RELEASE\spring-websocket-5.0.4.RELEASE.jar;D:\BianCheng\Maven\Repository\org\springframework\boot\spring-boot-starter-amqp\2.0.0.RELEASE\spring-boot-starter-amqp-2.0.0.RELEASE.jar;D:\BianCheng\Maven\Repository\org\springframework\amqp\spring-rabbit\2.0.2.RELEASE\spring-rabbit-2.0.2.RELEASE.jar;D:\BianCheng\Maven\Repository\org\springframework\amqp\spring-amqp\2.0.2.RELEASE\spring-amqp-2.0.2.RELEASE.jar;D:\BianCheng\Maven\Repository\com\rabbitmq\amqp-client\5.1.2\amqp-client-5.1.2.jar;D:\BianCheng\Maven\Repository\com\rabbitmq\http-client\1.3.1.RELEASE\http-client-1.3.1.RELEASE.jar;D:\BianCheng\Maven\Repository\org\apache\httpcomponents\httpclient\4.5.5\httpclient-4.5.5.jar;D:\BianCheng\Maven\Repository\org\apache\httpcomponents\httpcore\4.4.9\httpcore-4.4.9.jar;D:\BianCheng\Maven\Repository\commons-codec\commons-codec\1.11\commons-codec-1.11.jar;D:\BianCheng\Maven\Repository\org\springframework\spring-tx\5.0.4.RELEASE\spring-tx-5.0.4.RELEASE.jar;D:\BianCheng\Maven\Repository\org\springframework\retry\spring-retry\1.2.2.RELEASE\spring-retry-1.2.2.RELEASE.jar;D:\BianCheng\Maven\Repository\org\springframework\boot\spring-boot-starter-data-redis\2.0.0.RELEASE\spring-boot-starter-data-redis-2.0.0.RELEASE.jar;D:\BianCheng\Maven\Repository\org\springframework\data\spring-data-redis\2.0.5.RELEASE\spring-data-redis-2.0.5.RELEASE.jar;D:\BianCheng\Maven\Repository\org\springframework\data\spring-data-keyvalue\2.0.5.RELEASE\spring-data-keyvalue-2.0.5.RELEASE.jar;D:\BianCheng\Maven\Repository\org\springframework\spring-oxm\5.0.4.RELEASE\spring-oxm-5.0.4.RELEASE.jar;D:\BianCheng\Maven\Repository\org\springframework\spring-context-support\5.0.4.RELEASE\spring-context-support-5.0.4.RELEASE.jar;D:\BianCheng\Maven\Repository\io\lettuce\lettuce-core\5.0.2.RELEASE\lettuce-core-5.0.2.RELEASE.jar;D:\BianCheng\Maven\Repository\io\projectreactor\reactor-core\3.1.5.RELEASE\reactor-core-3.1.5.RELEASE.jar;D:\BianCheng\Maven\Repository\org\reactivestreams\reactive-streams\1.0.2\reactive-streams-1.0.2.jar;D:\BianCheng\Maven\Repository\io\netty\netty-common\4.1.22.Final\netty-common-4.1.22.Final.jar;D:\BianCheng\Maven\Repository\io\netty\netty-transport\4.1.22.Final\netty-transport-4.1.22.Final.jar;D:\BianCheng\Maven\Repository\io\netty\netty-buffer\4.1.22.Final\netty-buffer-4.1.22.Final.jar;D:\BianCheng\Maven\Repository\io\netty\netty-resolver\4.1.22.Final\netty-resolver-4.1.22.Final.jar;D:\BianCheng\Maven\Repository\io\netty\netty-handler\4.1.22.Final\netty-handler-4.1.22.Final.jar;D:\BianCheng\Maven\Repository\io\netty\netty-codec\4.1.22.Final\netty-codec-4.1.22.Final.jar;D:\BianCheng\Maven\Repository\org\springframework\boot\spring-boot-starter-data-mongodb\2.0.0.RELEASE\spring-boot-starter-data-mongodb-2.0.0.RELEASE.jar;D:\BianCheng\Maven\Repository\org\mongodb\mongodb-driver\3.6.3\mongodb-driver-3.6.3.jar;D:\BianCheng\Maven\Repository\org\mongodb\bson\3.6.3\bson-3.6.3.jar;D:\BianCheng\Maven\Repository\org\mongodb\mongodb-driver-core\3.6.3\mongodb-driver-core-3.6.3.jar;D:\BianCheng\Maven\Repository\org\springframework\data\spring-data-mongodb\2.0.5.RELEASE\spring-data-mongodb-2.0.5.RELEASE.jar;D:\BianCheng\Maven\Repository\org\springframework\data\spring-data-commons\2.0.5.RELEASE\spring-data-commons-2.0.5.RELEASE.jar;D:\BianCheng\Maven\Repository\com\baomidou\mybatis-plus-boot-starter\3.1.2\mybatis-plus-boot-starter-3.1.2.jar;D:\BianCheng\Maven\Repository\com\baomidou\mybatis-plus\3.1.2\mybatis-plus-3.1.2.jar;D:\BianCheng\Maven\Repository\com\baomidou\mybatis-plus-extension\3.1.2\mybatis-plus-extension-3.1.2.jar;D:\BianCheng\Maven\Repository\com\baomidou\mybatis-plus-core\3.1.2\mybatis-plus-core-3.1.2.jar;D:\BianCheng\Maven\Repository\com\baomidou\mybatis-plus-annotation\3.1.2\mybatis-plus-annotation-3.1.2.jar;"/>
    <property name="sun.cpu.endian" value="little"/>
    <property name="user.home" value="C:\Users\NING MEI"/>
    <property name="user.language" value="zh"/>
    <property name="java.specification.vendor" value="Oracle Corporation"/>
    <property name="java.home" value="C:\Program Files\Java\jdk1.8.0_172\jre"/>
    <property name="basedir" value="D:\BianCheng\Idea\Project\SpringBoot"/>
    <property name="file.separator" value="\"/>
    <property name="line.separator" value="&#10;"/>
    <property name="java.vm.specification.vendor" value="Oracle Corporation"/>
    <property name="java.specification.name" value="Java Platform API Specification"/>
    <property name="java.awt.graphicsenv" value="sun.awt.Win32GraphicsEnvironment"/>
    <property name="surefire.real.class.path" value="C:\Users\NINGME~1\AppData\Local\Temp\surefire4886068775049178010\surefirebooter4892053758097196215.jar"/>
    <property name="sun.boot.class.path" value="C:\Program Files\Java\jdk1.8.0_172\jre\lib\resources.jar;C:\Program Files\Java\jdk1.8.0_172\jre\lib\rt.jar;C:\Program Files\Java\jdk1.8.0_172\jre\lib\sunrsasign.jar;C:\Program Files\Java\jdk1.8.0_172\jre\lib\jsse.jar;C:\Program Files\Java\jdk1.8.0_172\jre\lib\jce.jar;C:\Program Files\Java\jdk1.8.0_172\jre\lib\charsets.jar;C:\Program Files\Java\jdk1.8.0_172\jre\lib\jfr.jar;C:\Program Files\Java\jdk1.8.0_172\jre\classes"/>
    <property name="user.script" value=""/>
    <property name="sun.management.compiler" value="HotSpot 64-Bit Tiered Compilers"/>
    <property name="java.runtime.version" value="1.8.0_172-b11"/>
    <property name="user.name" value="NING MEI"/>
    <property name="path.separator" value=";"/>
    <property name="os.version" value="10.0"/>
    <property name="java.endorsed.dirs" value="C:\Program Files\Java\jdk1.8.0_172\jre\lib\endorsed"/>
    <property name="java.runtime.name" value="Java(TM) SE Runtime Environment"/>
    <property name="file.encoding" value="GBK"/>
    <property name="java.vm.name" value="Java HotSpot(TM) 64-Bit Server VM"/>
    <property name="localRepository" value="D:\BianCheng\Maven\Repository"/>
    <property name="java.vendor.url.bug" value="http://bugreport.sun.com/bugreport/"/>
    <property name="java.io.tmpdir" value="C:\Users\NINGME~1\AppData\Local\Temp\"/>
    <property name="java.version" value="1.8.0_172"/>
    <property name="user.dir" value="D:\BianCheng\Idea\Project\SpringBoot"/>
    <property name="os.arch" value="amd64"/>
    <property name="java.vm.specification.name" value="Java Virtual Machine Specification"/>
    <property name="java.awt.printerjob" value="sun.awt.windows.WPrinterJob"/>
    <property name="idea.version2019.1.3" value="true"/>
    <property name="sun.os.patch.level" value=""/>
    <property name="java.library.path" value="C:\Program Files\Java\jdk1.8.0_172\jre\bin;C:\Windows\Sun\Java\bin;C:\Windows\system32;C:\Windows;C:\Program Files (x86)\Common Files\Oracle\Java\javapath;C:\Windows\system32;C:\Windows;C:\Windows\System32\Wbem;C:\Windows\System32\WindowsPowerShell\v1.0\;C:\Windows\System32\OpenSSH\;C:\Program Files (x86)\Common Files\microsoft shared\TigerKin;&quot;C:\Program Files\Java\jdk1.8.0_172\bin;C:\Program Files\Java\jdk1.8.0_172\jre\bin;&quot;;D:\BianCheng\Git\Git\cmd;&quot;D:\BianCheng\MongoDB\bin;&quot;;C:\Users\NING MEI\AppData\Local\Microsoft\WindowsApps;;."/>
    <property name="java.vm.info" value="mixed mode"/>
    <property name="java.vendor" value="Oracle Corporation"/>
    <property name="java.vm.version" value="25.172-b11"/>
    <property name="java.ext.dirs" value="C:\Program Files\Java\jdk1.8.0_172\jre\lib\ext;C:\Windows\Sun\Java\lib\ext"/>
    <property name="sun.io.unicode.encoding" value="UnicodeLittle"/>
    <property name="maven.repo.local" value="D:\BianCheng\Maven\Repository"/>
    <property name="java.class.version" value="52.0"/>
  </properties>
  <testcase name="testClassLoader" classname="com.jyh.反射.ReflectionTest" time="0.002"/>
  <testcase name="testClass" classname="com.jyh.反射.ReflectionTest" time="0.001"/>
  <testcase name="testField" classname="com.jyh.反射.ReflectionTest" time="0.001"/>
  <testcase name="a1" classname="com.jyh.反射.ReflectionTest" time="0"/>
  <testcase name="testNewInstance" classname="com.jyh.反射.ReflectionTest" time="0"/>
  <testcase name="testMethod" classname="com.jyh.反射.ReflectionTest" time="0.001"/>
  <testcase name="testConstructor" classname="com.jyh.反射.ReflectionTest" time="0.002"/>
</testsuite>